This is pdfTeX, Version 3.1415926-2.5-1.40.14 (TeX Live 2013/Debian) (format=pdflatex 2015.2.25)  15 MAY 2015 22:26
entering extended mode
 restricted \write18 enabled.
 %&-line parsing enabled.
**defense_presentation.tex
(./defense_presentation.tex
LaTeX2e <2011/06/27>
Babel <3.9h> and hyphenation patterns for 78 languages loaded.
(/usr/share/texmf/tex/latex/beamer/base/beamer.cls
(/usr/share/texmf/tex/latex/beamer/base/beamerbasercs.sty
Package: beamerbasercs 2012/11/13 (rcs-revision cb16a617839f)
)
Document Class: beamer 2012/10/15 development version 3.24 A class for typesett
ing presentations (rcs-revision 24853e6b98cf)
(/usr/share/texmf/tex/latex/beamer/base/beamerbasemodes.sty
Package: beamerbasemodes 2012/04/15 (rcs-revision cc6557182d97)
\beamer@tempbox=\box26
\beamer@tempcount=\count79
\c@beamerpauses=\count80

(/usr/share/texmf/tex/latex/beamer/base/beamerbasedecode.sty
Package: beamerbasedecode 2010/05/01 (rcs-revision efa082c6111d)
\beamer@slideinframe=\count81
\beamer@minimum=\count82
)
\beamer@commentbox=\box27
\beamer@modecount=\count83
)
(/usr/share/texlive/texmf-dist/tex/generic/oberdiek/ifpdf.sty
Package: ifpdf 2011/01/30 v2.3 Provides the ifpdf switch (HO)
Package ifpdf Info: pdfTeX in PDF mode is detected.
)
\headheight=\dimen102
\headdp=\dimen103
\footheight=\dimen104
\sidebarheight=\dimen105
\beamer@tempdim=\dimen106
\beamer@finalheight=\dimen107
\beamer@animht=\dimen108
\beamer@animdp=\dimen109
\beamer@animwd=\dimen110
\beamer@leftmargin=\dimen111
\beamer@rightmargin=\dimen112
\beamer@leftsidebar=\dimen113
\beamer@rightsidebar=\dimen114
\beamer@boxsize=\dimen115
\beamer@vboxoffset=\dimen116
\beamer@descdefault=\dimen117
\beamer@descriptionwidth=\dimen118
\beamer@lastskip=\skip41
\beamer@areabox=\box28
\beamer@animcurrent=\box29
\beamer@animshowbox=\box30
\beamer@sectionbox=\box31
\beamer@logobox=\box32
\beamer@linebox=\box33
\beamer@sectioncount=\count84
\beamer@subsubsectionmax=\count85
\beamer@subsectionmax=\count86
\beamer@sectionmax=\count87
\beamer@totalheads=\count88
\beamer@headcounter=\count89
\beamer@partstartpage=\count90
\beamer@sectionstartpage=\count91
\beamer@subsectionstartpage=\count92
\beamer@animationtempa=\count93
\beamer@animationtempb=\count94
\beamer@xpos=\count95
\beamer@ypos=\count96
\beamer@showpartnumber=\count97
\beamer@currentsubsection=\count98
\beamer@coveringdepth=\count99
\beamer@sectionadjust=\count100
\beamer@tocsectionnumber=\count101

(/usr/share/texmf/tex/latex/beamer/base/beamerbaseoptions.sty
Package: beamerbaseoptions 2010/04/27 (rcs-revision 982469101dd6)

(/usr/share/texlive/texmf-dist/tex/latex/graphics/keyval.sty
Package: keyval 1999/03/16 v1.13 key=value parser (DPC)
\KV@toks@=\toks14
))
\beamer@paperwidth=\skip42
\beamer@paperheight=\skip43

(/usr/share/texlive/texmf-dist/tex/latex/geometry/geometry.sty
Package: geometry 2010/09/12 v5.6 Page Geometry

(/usr/share/texlive/texmf-dist/tex/generic/oberdiek/ifvtex.sty
Package: ifvtex 2010/03/01 v1.5 Detect VTeX and its facilities (HO)
Package ifvtex Info: VTeX not detected.
)
(/usr/share/texlive/texmf-dist/tex/generic/ifxetex/ifxetex.sty
Package: ifxetex 2010/09/12 v0.6 Provides ifxetex conditional
)
\Gm@cnth=\count102
\Gm@cntv=\count103
\c@Gm@tempcnt=\count104
\Gm@bindingoffset=\dimen119
\Gm@wd@mp=\dimen120
\Gm@odd@mp=\dimen121
\Gm@even@mp=\dimen122
\Gm@layoutwidth=\dimen123
\Gm@layoutheight=\dimen124
\Gm@layouthoffset=\dimen125
\Gm@layoutvoffset=\dimen126
\Gm@dimlist=\toks15
)
(/usr/share/texlive/texmf-dist/tex/latex/base/size10.clo
File: size10.clo 2007/10/19 v1.4h Standard LaTeX file (size option)
)
(/usr/share/texmf/tex/latex/pgf/basiclayer/pgfcore.sty
(/usr/share/texlive/texmf-dist/tex/latex/graphics/graphicx.sty
Package: graphicx 1999/02/16 v1.0f Enhanced LaTeX Graphics (DPC,SPQR)

(/usr/share/texlive/texmf-dist/tex/latex/graphics/graphics.sty
Package: graphics 2009/02/05 v1.0o Standard LaTeX Graphics (DPC,SPQR)

(/usr/share/texlive/texmf-dist/tex/latex/graphics/trig.sty
Package: trig 1999/03/16 v1.09 sin cos tan (DPC)
)
(/usr/share/texlive/texmf-dist/tex/latex/latexconfig/graphics.cfg
File: graphics.cfg 2010/04/23 v1.9 graphics configuration of TeX Live
)
Package graphics Info: Driver file: pdftex.def on input line 91.

(/usr/share/texlive/texmf-dist/tex/latex/pdftex-def/pdftex.def
File: pdftex.def 2011/05/27 v0.06d Graphics/color for pdfTeX

(/usr/share/texlive/texmf-dist/tex/generic/oberdiek/infwarerr.sty
Package: infwarerr 2010/04/08 v1.3 Providing info/warning/error messages (HO)
)
(/usr/share/texlive/texmf-dist/tex/generic/oberdiek/ltxcmds.sty
Package: ltxcmds 2011/11/09 v1.22 LaTeX kernel commands for general use (HO)
)
\Gread@gobject=\count105
))
\Gin@req@height=\dimen127
\Gin@req@width=\dimen128
)
(/usr/share/texmf/tex/latex/pgf/systemlayer/pgfsys.sty
(/usr/share/texmf/tex/latex/pgf/utilities/pgfrcs.sty
(/usr/share/texmf/tex/generic/pgf/utilities/pgfutil-common.tex
\pgfutil@everybye=\toks16
)
(/usr/share/texmf/tex/generic/pgf/utilities/pgfutil-latex.def
\pgfutil@abb=\box34

(/usr/share/texlive/texmf-dist/tex/latex/ms/everyshi.sty
Package: everyshi 2001/05/15 v3.00 EveryShipout Package (MS)
))
(/usr/share/texmf/tex/generic/pgf/utilities/pgfrcs.code.tex
Package: pgfrcs 2010/10/25 v2.10 (rcs-revision 1.24)
))
(/usr/share/texmf/tex/generic/pgf/systemlayer/pgfsys.code.tex
Package: pgfsys 2010/06/30 v2.10 (rcs-revision 1.37)

(/usr/share/texmf/tex/generic/pgf/utilities/pgfkeys.code.tex
\pgfkeys@pathtoks=\toks17
\pgfkeys@temptoks=\toks18

(/usr/share/texmf/tex/generic/pgf/utilities/pgfkeysfiltered.code.tex
\pgfkeys@tmptoks=\toks19
))
\pgf@x=\dimen129
\pgf@y=\dimen130
\pgf@xa=\dimen131
\pgf@ya=\dimen132
\pgf@xb=\dimen133
\pgf@yb=\dimen134
\pgf@xc=\dimen135
\pgf@yc=\dimen136
\w@pgf@writea=\write3
\r@pgf@reada=\read1
\c@pgf@counta=\count106
\c@pgf@countb=\count107
\c@pgf@countc=\count108
\c@pgf@countd=\count109

(/usr/share/texmf/tex/generic/pgf/systemlayer/pgf.cfg
File: pgf.cfg 2008/05/14  (rcs-revision 1.7)
)
Package pgfsys Info: Driver file for pgf: pgfsys-pdftex.def on input line 900.

(/usr/share/texmf/tex/generic/pgf/systemlayer/pgfsys-pdftex.def
File: pgfsys-pdftex.def 2009/05/22  (rcs-revision 1.26)

(/usr/share/texmf/tex/generic/pgf/systemlayer/pgfsys-common-pdf.def
File: pgfsys-common-pdf.def 2008/05/19  (rcs-revision 1.10)
)))
(/usr/share/texmf/tex/generic/pgf/systemlayer/pgfsyssoftpath.code.tex
File: pgfsyssoftpath.code.tex 2008/07/18  (rcs-revision 1.7)
\pgfsyssoftpath@smallbuffer@items=\count110
\pgfsyssoftpath@bigbuffer@items=\count111
)
(/usr/share/texmf/tex/generic/pgf/systemlayer/pgfsysprotocol.code.tex
File: pgfsysprotocol.code.tex 2006/10/16  (rcs-revision 1.4)
))
(/usr/share/texmf/tex/latex/xcolor/xcolor.sty
Package: xcolor 2007/01/21 v2.11 LaTeX color extensions (UK)

(/usr/share/texlive/texmf-dist/tex/latex/latexconfig/color.cfg
File: color.cfg 2007/01/18 v1.5 color configuration of teTeX/TeXLive
)
Package xcolor Info: Driver file: pdftex.def on input line 225.
Package xcolor Info: Model `cmy' substituted by `cmy0' on input line 1337.
Package xcolor Info: Model `hsb' substituted by `rgb' on input line 1341.
Package xcolor Info: Model `RGB' extended on input line 1353.
Package xcolor Info: Model `HTML' substituted by `rgb' on input line 1355.
Package xcolor Info: Model `Hsb' substituted by `hsb' on input line 1356.
Package xcolor Info: Model `tHsb' substituted by `hsb' on input line 1357.
Package xcolor Info: Model `HSB' substituted by `hsb' on input line 1358.
Package xcolor Info: Model `Gray' substituted by `gray' on input line 1359.
Package xcolor Info: Model `wave' substituted by `hsb' on input line 1360.
)
(/usr/share/texmf/tex/generic/pgf/basiclayer/pgfcore.code.tex
Package: pgfcore 2010/04/11 v2.10 (rcs-revision 1.7)

(/usr/share/texmf/tex/generic/pgf/math/pgfmath.code.tex
(/usr/share/texmf/tex/generic/pgf/math/pgfmathcalc.code.tex
(/usr/share/texmf/tex/generic/pgf/math/pgfmathutil.code.tex)
(/usr/share/texmf/tex/generic/pgf/math/pgfmathparser.code.tex
\pgfmath@dimen=\dimen137
\pgfmath@count=\count112
\pgfmath@box=\box35
\pgfmath@toks=\toks20
\pgfmath@stack@operand=\toks21
\pgfmath@stack@operation=\toks22
)
(/usr/share/texmf/tex/generic/pgf/math/pgfmathfunctions.code.tex
(/usr/share/texmf/tex/generic/pgf/math/pgfmathfunctions.basic.code.tex)
(/usr/share/texmf/tex/generic/pgf/math/pgfmathfunctions.trigonometric.code.tex)
(/usr/share/texmf/tex/generic/pgf/math/pgfmathfunctions.random.code.tex)
(/usr/share/texmf/tex/generic/pgf/math/pgfmathfunctions.comparison.code.tex)
(/usr/share/texmf/tex/generic/pgf/math/pgfmathfunctions.base.code.tex)
(/usr/share/texmf/tex/generic/pgf/math/pgfmathfunctions.round.code.tex)
(/usr/share/texmf/tex/generic/pgf/math/pgfmathfunctions.misc.code.tex)))
(/usr/share/texmf/tex/generic/pgf/math/pgfmathfloat.code.tex
\c@pgfmathroundto@lastzeros=\count113
))
(/usr/share/texmf/tex/generic/pgf/basiclayer/pgfcorepoints.code.tex
File: pgfcorepoints.code.tex 2010/04/09  (rcs-revision 1.20)
\pgf@picminx=\dimen138
\pgf@picmaxx=\dimen139
\pgf@picminy=\dimen140
\pgf@picmaxy=\dimen141
\pgf@pathminx=\dimen142
\pgf@pathmaxx=\dimen143
\pgf@pathminy=\dimen144
\pgf@pathmaxy=\dimen145
\pgf@xx=\dimen146
\pgf@xy=\dimen147
\pgf@yx=\dimen148
\pgf@yy=\dimen149
\pgf@zx=\dimen150
\pgf@zy=\dimen151
)
(/usr/share/texmf/tex/generic/pgf/basiclayer/pgfcorepathconstruct.code.tex
File: pgfcorepathconstruct.code.tex 2010/08/03  (rcs-revision 1.24)
\pgf@path@lastx=\dimen152
\pgf@path@lasty=\dimen153
)
(/usr/share/texmf/tex/generic/pgf/basiclayer/pgfcorepathusage.code.tex
File: pgfcorepathusage.code.tex 2008/04/22  (rcs-revision 1.12)
\pgf@shorten@end@additional=\dimen154
\pgf@shorten@start@additional=\dimen155
)
(/usr/share/texmf/tex/generic/pgf/basiclayer/pgfcorescopes.code.tex
File: pgfcorescopes.code.tex 2010/09/08  (rcs-revision 1.34)
\pgfpic=\box36
\pgf@hbox=\box37
\pgf@layerbox@main=\box38
\pgf@picture@serial@count=\count114
)
(/usr/share/texmf/tex/generic/pgf/basiclayer/pgfcoregraphicstate.code.tex
File: pgfcoregraphicstate.code.tex 2008/04/22  (rcs-revision 1.9)
\pgflinewidth=\dimen156
)
(/usr/share/texmf/tex/generic/pgf/basiclayer/pgfcoretransformations.code.tex
File: pgfcoretransformations.code.tex 2009/06/10  (rcs-revision 1.11)
\pgf@pt@x=\dimen157
\pgf@pt@y=\dimen158
\pgf@pt@temp=\dimen159
)
(/usr/share/texmf/tex/generic/pgf/basiclayer/pgfcorequick.code.tex
File: pgfcorequick.code.tex 2008/10/09  (rcs-revision 1.3)
)
(/usr/share/texmf/tex/generic/pgf/basiclayer/pgfcoreobjects.code.tex
File: pgfcoreobjects.code.tex 2006/10/11  (rcs-revision 1.2)
)
(/usr/share/texmf/tex/generic/pgf/basiclayer/pgfcorepathprocessing.code.tex
File: pgfcorepathprocessing.code.tex 2008/10/09  (rcs-revision 1.8)
)
(/usr/share/texmf/tex/generic/pgf/basiclayer/pgfcorearrows.code.tex
File: pgfcorearrows.code.tex 2008/04/23  (rcs-revision 1.11)
)
(/usr/share/texmf/tex/generic/pgf/basiclayer/pgfcoreshade.code.tex
File: pgfcoreshade.code.tex 2008/11/23  (rcs-revision 1.13)
\pgf@max=\dimen160
\pgf@sys@shading@range@num=\count115
)
(/usr/share/texmf/tex/generic/pgf/basiclayer/pgfcoreimage.code.tex
File: pgfcoreimage.code.tex 2010/03/25  (rcs-revision 1.16)

(/usr/share/texmf/tex/generic/pgf/basiclayer/pgfcoreexternal.code.tex
File: pgfcoreexternal.code.tex 2010/09/01  (rcs-revision 1.17)
\pgfexternal@startupbox=\box39
))
(/usr/share/texmf/tex/generic/pgf/basiclayer/pgfcorelayers.code.tex
File: pgfcorelayers.code.tex 2010/08/27  (rcs-revision 1.2)
)
(/usr/share/texmf/tex/generic/pgf/basiclayer/pgfcoretransparency.code.tex
File: pgfcoretransparency.code.tex 2008/01/17  (rcs-revision 1.2)
)
(/usr/share/texmf/tex/generic/pgf/basiclayer/pgfcorepatterns.code.tex
File: pgfcorepatterns.code.tex 2009/07/02  (rcs-revision 1.3)
)))
(/usr/share/texmf/tex/latex/pgf/utilities/xxcolor.sty
Package: xxcolor 2003/10/24 ver 0.1
\XC@nummixins=\count116
\XC@countmixins=\count117
)
(/usr/share/texlive/texmf-dist/tex/latex/hyperref/hyperref.sty
Package: hyperref 2012/11/06 v6.83m Hypertext links for LaTeX

(/usr/share/texlive/texmf-dist/tex/generic/oberdiek/hobsub-hyperref.sty
Package: hobsub-hyperref 2012/05/28 v1.13 Bundle oberdiek, subset hyperref (HO)


(/usr/share/texlive/texmf-dist/tex/generic/oberdiek/hobsub-generic.sty
Package: hobsub-generic 2012/05/28 v1.13 Bundle oberdiek, subset generic (HO)
Package: hobsub 2012/05/28 v1.13 Construct package bundles (HO)
Package hobsub Info: Skipping package `infwarerr' (already loaded).
Package hobsub Info: Skipping package `ltxcmds' (already loaded).
Package: ifluatex 2010/03/01 v1.3 Provides the ifluatex switch (HO)
Package ifluatex Info: LuaTeX not detected.
Package hobsub Info: Skipping package `ifvtex' (already loaded).
Package: intcalc 2007/09/27 v1.1 Expandable calculations with integers (HO)
Package hobsub Info: Skipping package `ifpdf' (already loaded).
Package: etexcmds 2011/02/16 v1.5 Avoid name clashes with e-TeX commands (HO)
Package etexcmds Info: Could not find \expanded.
(etexcmds)             That can mean that you are not using pdfTeX 1.50 or
(etexcmds)             that some package has redefined \expanded.
(etexcmds)             In the latter case, load this package earlier.
Package: kvsetkeys 2012/04/25 v1.16 Key value parser (HO)
Package: kvdefinekeys 2011/04/07 v1.3 Define keys (HO)
Package: pdftexcmds 2011/11/29 v0.20 Utility functions of pdfTeX for LuaTeX (HO
)
Package pdftexcmds Info: LuaTeX not detected.
Package pdftexcmds Info: \pdf@primitive is available.
Package pdftexcmds Info: \pdf@ifprimitive is available.
Package pdftexcmds Info: \pdfdraftmode found.
Package: pdfescape 2011/11/25 v1.13 Implements pdfTeX's escape features (HO)
Package: bigintcalc 2012/04/08 v1.3 Expandable calculations on big integers (HO
)
Package: bitset 2011/01/30 v1.1 Handle bit-vector datatype (HO)
Package: uniquecounter 2011/01/30 v1.2 Provide unlimited unique counter (HO)
)
Package hobsub Info: Skipping package `hobsub' (already loaded).
Package: letltxmacro 2010/09/02 v1.4 Let assignment for LaTeX macros (HO)
Package: hopatch 2012/05/28 v1.2 Wrapper for package hooks (HO)
Package: xcolor-patch 2011/01/30 xcolor patch
Package: atveryend 2011/06/30 v1.8 Hooks at the very end of document (HO)
Package atveryend Info: \enddocument detected (standard20110627).
Package: atbegshi 2011/10/05 v1.16 At begin shipout hook (HO)
Package: refcount 2011/10/16 v3.4 Data extraction from label references (HO)
Package: hycolor 2011/01/30 v1.7 Color options for hyperref/bookmark (HO)
)
(/usr/share/texlive/texmf-dist/tex/latex/oberdiek/auxhook.sty
Package: auxhook 2011/03/04 v1.3 Hooks for auxiliary files (HO)
)
(/usr/share/texlive/texmf-dist/tex/latex/oberdiek/kvoptions.sty
Package: kvoptions 2011/06/30 v3.11 Key value format for package options (HO)
)
\@linkdim=\dimen161
\Hy@linkcounter=\count118
\Hy@pagecounter=\count119

(/usr/share/texlive/texmf-dist/tex/latex/hyperref/pd1enc.def
File: pd1enc.def 2012/11/06 v6.83m Hyperref: PDFDocEncoding definition (HO)
)
\Hy@SavedSpaceFactor=\count120

(/usr/share/texlive/texmf-dist/tex/latex/latexconfig/hyperref.cfg
File: hyperref.cfg 2002/06/06 v1.2 hyperref configuration of TeXLive
)
Package hyperref Info: Option `bookmarks' set `true' on input line 4319.
Package hyperref Info: Option `bookmarksopen' set `true' on input line 4319.
Package hyperref Info: Option `implicit' set `false' on input line 4319.
Package hyperref Info: Hyper figures OFF on input line 4443.
Package hyperref Info: Link nesting OFF on input line 4448.
Package hyperref Info: Hyper index ON on input line 4451.
Package hyperref Info: Plain pages OFF on input line 4458.
Package hyperref Info: Backreferencing OFF on input line 4463.
Package hyperref Info: Implicit mode OFF; no redefinition of LaTeX internals.
Package hyperref Info: Bookmarks ON on input line 4688.
\c@Hy@tempcnt=\count121

(/usr/share/texlive/texmf-dist/tex/latex/url/url.sty
\Urlmuskip=\muskip10
Package: url 2013/09/16  ver 3.4  Verb mode for urls, etc.
)
LaTeX Info: Redefining \url on input line 5041.
\XeTeXLinkMargin=\dimen162
\Fld@menulength=\count122
\Field@Width=\dimen163
\Fld@charsize=\dimen164
Package hyperref Info: Hyper figures OFF on input line 6295.
Package hyperref Info: Link nesting OFF on input line 6300.
Package hyperref Info: Hyper index ON on input line 6303.
Package hyperref Info: backreferencing OFF on input line 6310.
Package hyperref Info: Link coloring OFF on input line 6315.
Package hyperref Info: Link coloring with OCG OFF on input line 6320.
Package hyperref Info: PDF/A mode OFF on input line 6325.
LaTeX Info: Redefining \ref on input line 6365.
LaTeX Info: Redefining \pageref on input line 6369.
\Hy@abspage=\count123


Package hyperref Message: Stopped early.

)

Package hyperref Message: Driver (autodetected): hpdftex.

(/usr/share/texlive/texmf-dist/tex/latex/hyperref/hpdftex.def
File: hpdftex.def 2012/11/06 v6.83m Hyperref driver for pdfTeX
\Fld@listcount=\count124
\c@bookmark@seq@number=\count125

(/usr/share/texlive/texmf-dist/tex/latex/oberdiek/rerunfilecheck.sty
Package: rerunfilecheck 2011/04/15 v1.7 Rerun checks for auxiliary files (HO)
Package uniquecounter Info: New unique counter `rerunfilecheck' on input line 2
82.
))
(/usr/share/texmf/tex/latex/beamer/base/beamerbaserequires.sty
Package: beamerbaserequires 2010/05/01  (rcs-revision efa082c6111d)

(/usr/share/texmf/tex/latex/beamer/base/beamerbasecompatibility.sty
Package: beamerbasecompatibility 2012/05/01  (rcs-revision 67c48b3b652d)
)
(/usr/share/texmf/tex/latex/beamer/base/beamerbasefont.sty
Package: beamerbasefont 2012/09/19  (rcs-revision 733629cd0c6c)

(/usr/share/texlive/texmf-dist/tex/latex/amsfonts/amssymb.sty
Package: amssymb 2013/01/14 v3.01 AMS font symbols

(/usr/share/texlive/texmf-dist/tex/latex/amsfonts/amsfonts.sty
Package: amsfonts 2013/01/14 v3.01 Basic AMSFonts support
\@emptytoks=\toks23
\symAMSa=\mathgroup4
\symAMSb=\mathgroup5
LaTeX Font Info:    Overwriting math alphabet `\mathfrak' in version `bold'
(Font)                  U/euf/m/n --> U/euf/b/n on input line 106.
)))
(/usr/share/texmf/tex/latex/beamer/base/beamerbasetranslator.sty
Package: beamerbasetranslator 2010/06/11  (rcs-revision 85fd1cc7fc42)

(/usr/share/texmf/tex/latex/beamer/base/translator/translator.sty
Package: translator 2010/06/12 ver 1.10

(/usr/share/texmf/tex/latex/beamer/base/translator/translator-language-mappings
.tex))) (/usr/share/texmf/tex/latex/beamer/base/beamerbasemisc.sty
Package: beamerbasemisc 2012/02/24  (rcs-revision 2ff5461be705)
)
(/usr/share/texmf/tex/latex/beamer/base/beamerbasetwoscreens.sty
Package: beamerbasetwoscreens 2010/05/01  (rcs-revision efa082c6111d)
)
(/usr/share/texmf/tex/latex/beamer/base/beamerbaseoverlay.sty
Package: beamerbaseoverlay 2012/11/11  (rcs-revision 6afbc49b1109)
\beamer@argscount=\count126
\beamer@lastskipcover=\skip44
\beamer@trivlistdepth=\count127
)
(/usr/share/texmf/tex/latex/beamer/base/beamerbasetitle.sty
Package: beamerbasetitle 2010/09/21  (rcs-revision f0446ed0b6ae)
)
(/usr/share/texmf/tex/latex/beamer/base/beamerbasesection.sty
Package: beamerbasesection 2012/11/11  (rcs-revision 0056eef6f17f)
\c@lecture=\count128
\c@part=\count129
\c@section=\count130
\c@subsection=\count131
\c@subsubsection=\count132
)
(/usr/share/texmf/tex/latex/beamer/base/beamerbaseframe.sty
Package: beamerbaseframe 2012/09/13  (rcs-revision dcd846607320)
\beamer@framebox=\box40
\beamer@frametitlebox=\box41
\beamer@zoombox=\box42
\beamer@zoomcount=\count133
\beamer@zoomframecount=\count134
\beamer@frametextheight=\dimen165
\c@subsectionslide=\count135
\beamer@frametopskip=\skip45
\beamer@framebottomskip=\skip46
\beamer@frametopskipautobreak=\skip47
\beamer@framebottomskipautobreak=\skip48
\beamer@envbody=\toks24
\framewidth=\dimen166
\c@framenumber=\count136
)
(/usr/share/texmf/tex/latex/beamer/base/beamerbaseverbatim.sty
Package: beamerbaseverbatim 2012/08/30  (rcs-revision dfdb135076b3)
\beamer@verbatimfileout=\write4
)
(/usr/share/texmf/tex/latex/beamer/base/beamerbaseframesize.sty
Package: beamerbaseframesize 2011/09/12  (rcs-revision 70f9d8411e54)
\beamer@splitbox=\box43
\beamer@autobreakcount=\count137
\beamer@autobreaklastheight=\dimen167
\beamer@frametitletoks=\toks25
\beamer@framesubtitletoks=\toks26
)
(/usr/share/texmf/tex/latex/beamer/base/beamerbaseframecomponents.sty
Package: beamerbaseframecomponents 2012/09/13  (rcs-revision dcd846607320)
\beamer@footins=\box44
)
(/usr/share/texmf/tex/latex/beamer/base/beamerbasecolor.sty
Package: beamerbasecolor 2010/06/06  (rcs-revision d1a9b48be06d)
)
(/usr/share/texmf/tex/latex/beamer/base/beamerbasenotes.sty
Package: beamerbasenotes 2010/05/01  (rcs-revision efa082c6111d)
\beamer@frameboxcopy=\box45
)
(/usr/share/texmf/tex/latex/beamer/base/beamerbasetoc.sty
Package: beamerbasetoc 2012/10/02  (rcs-revision 5ed0f4010e8a)
)
(/usr/share/texmf/tex/latex/beamer/base/beamerbasetemplates.sty
Package: beamerbasetemplates 2010/05/01  (rcs-revision efa082c6111d)
\beamer@sbttoks=\toks27

(/usr/share/texmf/tex/latex/beamer/base/beamerbaseauxtemplates.sty
Package: beamerbaseauxtemplates 2012/05/01  (rcs-revision 67c48b3b652d)

(/usr/share/texmf/tex/latex/beamer/base/beamerbaseboxes.sty
Package: beamerbaseboxes 2012/05/13  (rcs-revision 56972908a390)
\bmb@box=\box46
\bmb@colorbox=\box47
\bmb@boxshadow=\box48
\bmb@boxshadowball=\box49
\bmb@boxshadowballlarge=\box50
\bmb@temp=\dimen168
\bmb@dima=\dimen169
\bmb@dimb=\dimen170
\bmb@prevheight=\dimen171
)
\beamer@blockheadheight=\dimen172
))
(/usr/share/texmf/tex/latex/beamer/base/beamerbaselocalstructure.sty
Package: beamerbaselocalstructure 2012/11/13  (rcs-revision ddfba79dac19)

(/usr/share/texlive/texmf-dist/tex/latex/tools/enumerate.sty
Package: enumerate 1999/03/05 v3.00 enumerate extensions (DPC)
\@enLab=\toks28
)
\c@figure=\count138
\c@table=\count139
\abovecaptionskip=\skip49
\belowcaptionskip=\skip50
)
(/usr/share/texmf/tex/latex/beamer/base/beamerbasenavigation.sty
Package: beamerbasenavigation 2012/04/03  (rcs-revision 42a0f21a412d)
\beamer@section@min@dim=\dimen173
)
(/usr/share/texmf/tex/latex/beamer/base/beamerbasetheorems.sty
Package: beamerbasetheorems 2010/06/06  (rcs-revision 7e7cc5e53e9d)

(/usr/share/texlive/texmf-dist/tex/latex/amsmath/amsmath.sty
Package: amsmath 2013/01/14 v2.14 AMS math features
\@mathmargin=\skip51

For additional information on amsmath, use the `?' option.
(/usr/share/texlive/texmf-dist/tex/latex/amsmath/amstext.sty
Package: amstext 2000/06/29 v2.01

(/usr/share/texlive/texmf-dist/tex/latex/amsmath/amsgen.sty
File: amsgen.sty 1999/11/30 v2.0
\@emptytoks=\toks29
\ex@=\dimen174
))
(/usr/share/texlive/texmf-dist/tex/latex/amsmath/amsbsy.sty
Package: amsbsy 1999/11/29 v1.2d
\pmbraise@=\dimen175
)
(/usr/share/texlive/texmf-dist/tex/latex/amsmath/amsopn.sty
Package: amsopn 1999/12/14 v2.01 operator names
)
\inf@bad=\count140
LaTeX Info: Redefining \frac on input line 210.
\uproot@=\count141
\leftroot@=\count142
LaTeX Info: Redefining \overline on input line 306.
\classnum@=\count143
\DOTSCASE@=\count144
LaTeX Info: Redefining \ldots on input line 378.
LaTeX Info: Redefining \dots on input line 381.
LaTeX Info: Redefining \cdots on input line 466.
\Mathstrutbox@=\box51
\strutbox@=\box52
\big@size=\dimen176
LaTeX Font Info:    Redeclaring font encoding OML on input line 566.
LaTeX Font Info:    Redeclaring font encoding OMS on input line 567.
\macc@depth=\count145
\c@MaxMatrixCols=\count146
\dotsspace@=\muskip11
\c@parentequation=\count147
\dspbrk@lvl=\count148
\tag@help=\toks30
\row@=\count149
\column@=\count150
\maxfields@=\count151
\andhelp@=\toks31
\eqnshift@=\dimen177
\alignsep@=\dimen178
\tagshift@=\dimen179
\tagwidth@=\dimen180
\totwidth@=\dimen181
\lineht@=\dimen182
\@envbody=\toks32
\multlinegap=\skip52
\multlinetaggap=\skip53
\mathdisplay@stack=\toks33
LaTeX Info: Redefining \[ on input line 2665.
LaTeX Info: Redefining \] on input line 2666.
)
(/usr/share/texlive/texmf-dist/tex/latex/amscls/amsthm.sty
Package: amsthm 2004/08/06 v2.20
\thm@style=\toks34
\thm@bodyfont=\toks35
\thm@headfont=\toks36
\thm@notefont=\toks37
\thm@headpunct=\toks38
\thm@preskip=\skip54
\thm@postskip=\skip55
\thm@headsep=\skip56
\dth@everypar=\toks39
)
\c@theorem=\count152
)
(/usr/share/texmf/tex/latex/beamer/base/beamerbasethemes.sty
Package: beamerbasethemes 2010/05/01  (rcs-revision efa082c6111d)
))
(/usr/share/texmf/tex/latex/beamer/base/themes/theme/beamerthemedefault.sty
Package: beamerthemedefault 2010/06/17  (rcs-revision d02a7cf4d8ae)

(/usr/share/texmf/tex/latex/beamer/base/themes/font/beamerfontthemedefault.sty
Package: beamerfontthemedefault 2010/06/17  (rcs-revision d02a7cf4d8ae)
)
(/usr/share/texmf/tex/latex/beamer/base/themes/color/beamercolorthemedefault.st
y
Package: beamercolorthemedefault 2010/06/17  (rcs-revision d02a7cf4d8ae)
)
(/usr/share/texmf/tex/latex/beamer/base/themes/inner/beamerinnerthemedefault.st
y
Package: beamerinnerthemedefault 2012/05/01  (rcs-revision 67c48b3b652d)
\beamer@dima=\dimen183
\beamer@dimb=\dimen184
)
(/usr/share/texmf/tex/latex/beamer/base/themes/outer/beamerouterthemedefault.st
y
Package: beamerouterthemedefault 2012/10/02  (rcs-revision 5ed0f4010e8a)
))) (/usr/share/texlive/texmf-dist/tex/latex/base/inputenc.sty
Package: inputenc 2008/03/30 v1.1d Input encoding file
\inpenc@prehook=\toks40
\inpenc@posthook=\toks41

(/usr/share/texlive/texmf-dist/tex/latex/base/latin1.def
File: latin1.def 2008/03/30 v1.1d Input encoding file
))
(/usr/share/texlive/texmf-dist/tex/latex/graphics/epsfig.sty
Package: epsfig 1999/02/16 v1.7a (e)psfig emulation (SPQR)
\epsfxsize=\dimen185
\epsfysize=\dimen186
)
(/usr/share/texlive/texmf-dist/tex/latex/fancyhdr/fancyhdr.sty
\fancy@headwidth=\skip57
\f@ncyO@elh=\skip58
\f@ncyO@erh=\skip59
\f@ncyO@olh=\skip60
\f@ncyO@orh=\skip61
\f@ncyO@elf=\skip62
\f@ncyO@erf=\skip63
\f@ncyO@olf=\skip64
\f@ncyO@orf=\skip65
)
(/usr/share/texlive/texmf-dist/tex/latex/wasysym/wasysym.sty
Package: wasysym 2003/10/30 v2.0 Wasy-2 symbol support package
\symwasy=\mathgroup6
LaTeX Font Info:    Overwriting symbol font `wasy' in version `bold'
(Font)                  U/wasy/m/n --> U/wasy/b/n on input line 90.
)
(/usr/share/texlive/texmf-dist/tex/latex/base/latexsym.sty
Package: latexsym 1998/08/17 v2.2e Standard LaTeX package (lasy symbols)
\symlasy=\mathgroup7
LaTeX Font Info:    Overwriting symbol font `lasy' in version `bold'
(Font)                  U/lasy/m/n --> U/lasy/b/n on input line 47.
)
(/usr/share/texlive/texmf-dist/tex/latex/subfigure/subfigure.sty
Package: subfigure 2002/03/15 v2.1.5 subfigure package
\subfigtopskip=\skip66
\subfigcapskip=\skip67
\subfigcaptopadj=\dimen187
\subfigbottomskip=\skip68
\subfigcapmargin=\dimen188
\subfiglabelskip=\skip69
\c@subfigure=\count153
\c@lofdepth=\count154
\c@subtable=\count155
\c@lotdepth=\count156

****************************************
* Local config file subfigure.cfg used *
****************************************
(/usr/share/texlive/texmf-dist/tex/latex/subfigure/subfigure.cfg)
\subfig@top=\skip70
\subfig@bottom=\skip71
)
(/usr/share/texlive/texmf-dist/tex/latex/natbib/natbib.sty
Package: natbib 2010/09/13 8.31b (PWD, AO)
\bibhang=\skip72
\bibsep=\skip73
LaTeX Info: Redefining \cite on input line 694.
\c@NAT@ctr=\count157
)
(/usr/share/texlive/texmf-dist/tex/latex/framed/framed.sty
Package: framed 2011/10/22 v 0.96: framed or shaded text with page breaks
\OuterFrameSep=\skip74
\fb@frw=\dimen189
\fb@frh=\dimen190
\FrameRule=\dimen191
\FrameSep=\dimen192
)
(/usr/share/texlive/texmf-dist/tex/latex/multirow/multirow.sty
\bigstrutjot=\dimen193
)
(/usr/share/texlive/texmf-dist/tex/latex/booktabs/booktabs.sty
Package: booktabs 2005/04/14 v1.61803 publication quality tables
\heavyrulewidth=\dimen194
\lightrulewidth=\dimen195
\cmidrulewidth=\dimen196
\belowrulesep=\dimen197
\belowbottomsep=\dimen198
\aboverulesep=\dimen199
\abovetopsep=\dimen200
\cmidrulesep=\dimen201
\cmidrulekern=\dimen202
\defaultaddspace=\dimen203
\@cmidla=\count158
\@cmidlb=\count159
\@aboverulesep=\dimen204
\@belowrulesep=\dimen205
\@thisruleclass=\count160
\@lastruleclass=\count161
\@thisrulewidth=\dimen206
)
(/usr/share/texlive/texmf-dist/tex/latex/changepage/chngpage.sty
Package: chngpage 2009/10/20 v1.2b change page layout
\c@cp@cnt=\count162
\c@cp@tempcnt=\count163
)
(/usr/share/texlive/texmf-dist/tex/latex/caption/caption.sty
Package: caption 2013/05/02 v3.3-89 Customizing captions (AR)

(/usr/share/texlive/texmf-dist/tex/latex/caption/caption3.sty
Package: caption3 2013/05/02 v1.6-88 caption3 kernel (AR)
Package caption3 Info: TeX engine: e-TeX on input line 57.
\captionmargin=\dimen207
\captionmargin@=\dimen208
\captionwidth=\dimen209
\caption@tempdima=\dimen210
\caption@indent=\dimen211
\caption@parindent=\dimen212
\caption@hangindent=\dimen213
)
\c@ContinuedFloat=\count164
Package caption Info: beamer document class.
Package caption Info: hyperref package is loaded.
Package caption Info: Hyperref support is turned off
(caption)             because hyperref has stopped early.
Package caption Info: subfigure package is loaded.
)
(/usr/share/texmf/tex/latex/pgf/frontendlayer/tikz.sty
(/usr/share/texmf/tex/latex/pgf/basiclayer/pgf.sty
Package: pgf 2008/01/15 v2.10 (rcs-revision 1.12)

(/usr/share/texmf/tex/generic/pgf/modules/pgfmoduleshapes.code.tex
File: pgfmoduleshapes.code.tex 2010/09/09  (rcs-revision 1.13)
\pgfnodeparttextbox=\box53
)
(/usr/share/texmf/tex/generic/pgf/modules/pgfmoduleplot.code.tex
File: pgfmoduleplot.code.tex 2010/10/22  (rcs-revision 1.8)
)
(/usr/share/texmf/tex/latex/pgf/compatibility/pgfcomp-version-0-65.sty
Package: pgfcomp-version-0-65 2007/07/03 v2.10 (rcs-revision 1.7)
\pgf@nodesepstart=\dimen214
\pgf@nodesepend=\dimen215
)
(/usr/share/texmf/tex/latex/pgf/compatibility/pgfcomp-version-1-18.sty
Package: pgfcomp-version-1-18 2007/07/23 v2.10 (rcs-revision 1.1)
))
(/usr/share/texmf/tex/latex/pgf/utilities/pgffor.sty
(/usr/share/texmf/tex/latex/pgf/utilities/pgfkeys.sty
(/usr/share/texmf/tex/generic/pgf/utilities/pgfkeys.code.tex))
(/usr/share/texmf/tex/generic/pgf/utilities/pgffor.code.tex
Package: pgffor 2010/03/23 v2.10 (rcs-revision 1.18)
\pgffor@iter=\dimen216
\pgffor@skip=\dimen217
\pgffor@stack=\toks42
\pgffor@toks=\toks43
))
(/usr/share/texmf/tex/generic/pgf/frontendlayer/tikz/tikz.code.tex
Package: tikz 2010/10/13 v2.10 (rcs-revision 1.76)

(/usr/share/texmf/tex/generic/pgf/libraries/pgflibraryplothandlers.code.tex
File: pgflibraryplothandlers.code.tex 2010/05/31 v2.10 (rcs-revision 1.15)
\pgf@plot@mark@count=\count165
\pgfplotmarksize=\dimen218
)
\tikz@lastx=\dimen219
\tikz@lasty=\dimen220
\tikz@lastxsaved=\dimen221
\tikz@lastysaved=\dimen222
\tikzleveldistance=\dimen223
\tikzsiblingdistance=\dimen224
\tikz@figbox=\box54
\tikz@tempbox=\box55
\tikztreelevel=\count166
\tikznumberofchildren=\count167
\tikznumberofcurrentchild=\count168
\tikz@fig@count=\count169

(/usr/share/texmf/tex/generic/pgf/modules/pgfmodulematrix.code.tex
File: pgfmodulematrix.code.tex 2010/08/24  (rcs-revision 1.4)
\pgfmatrixcurrentrow=\count170
\pgfmatrixcurrentcolumn=\count171
\pgf@matrix@numberofcolumns=\count172
)
\tikz@expandcount=\count173

(/usr/share/texmf/tex/generic/pgf/frontendlayer/tikz/libraries/tikzlibrarytopat
hs.code.tex
File: tikzlibrarytopaths.code.tex 2008/06/17 v2.10 (rcs-revision 1.2)
))) (/usr/share/texlive/texmf-dist/tex/latex/mdwtools/mdwlist.sty
Package: mdwlist 1996/05/02 1.1 Various list-related things
)
(/usr/share/texlive/texmf-dist/tex/latex/algorithms/algorithm.sty
Package: algorithm 2009/08/24 v0.1 Document Style `algorithm' - floating enviro
nment

(/usr/share/texlive/texmf-dist/tex/latex/float/float.sty
Package: float 2001/11/08 v1.3d Float enhancements (AL)
\c@float@type=\count174
\float@exts=\toks44
\float@box=\box56
\@float@everytoks=\toks45
\@floatcapt=\box57
)
(/usr/share/texlive/texmf-dist/tex/latex/base/ifthen.sty
Package: ifthen 2001/05/26 v1.1c Standard LaTeX ifthen package (DPC)
)
\@float@every@algorithm=\toks46
\c@algorithm=\count175
)
(/usr/share/texlive/texmf-dist/tex/latex/algorithmicx/algorithmicx.sty
Package: algorithmicx 2005/04/27 v1.2 Algorithmicx

Document Style algorithmicx 1.2 - a greatly improved `algorithmic' style
\c@ALG@line=\count176
\c@ALG@rem=\count177
\c@ALG@nested=\count178
\ALG@tlm=\skip75
\ALG@thistlm=\skip76
\c@ALG@Lnr=\count179
\c@ALG@blocknr=\count180
\c@ALG@storecount=\count181
\c@ALG@tmpcounter=\count182
\ALG@tmplength=\skip77
) (/usr/share/texlive/texmf-dist/tex/latex/algorithmicx/algpseudocode.sty
Package: algpseudocode 

Document Style - pseudocode environments for use with the `algorithmicx' style
) (/usr/share/texmf/tex/latex/beamer/base/themes/theme/beamerthemeMadrid.sty
Package: beamerthemeMadrid 2010/06/17  (rcs-revision d02a7cf4d8ae)

(/usr/share/texmf/tex/latex/beamer/base/themes/color/beamercolorthemewhale.sty
Package: beamercolorthemewhale 2010/06/17  (rcs-revision d02a7cf4d8ae)
)
(/usr/share/texmf/tex/latex/beamer/base/themes/color/beamercolorthemeorchid.sty
Package: beamercolorthemeorchid 2010/06/17  (rcs-revision d02a7cf4d8ae)
)
(/usr/share/texmf/tex/latex/beamer/base/themes/inner/beamerinnerthemerounded.st
y
Package: beamerinnerthemerounded 2010/06/17  (rcs-revision d02a7cf4d8ae)
)
(/usr/share/texmf/tex/latex/beamer/base/themes/outer/beamerouterthemeinfolines.
sty
Package: beamerouterthemeinfolines 2012/10/16  (rcs-revision 51a8c72084af)
)) (./defense_presentation.aux)
\openout1 = `defense_presentation.aux'.

LaTeX Font Info:    Checking defaults for OML/cmm/m/it on input line 63.
LaTeX Font Info:    ... okay on input line 63.
LaTeX Font Info:    Checking defaults for T1/cmr/m/n on input line 63.
LaTeX Font Info:    ... okay on input line 63.
LaTeX Font Info:    Checking defaults for OT1/cmr/m/n on input line 63.
LaTeX Font Info:    ... okay on input line 63.
LaTeX Font Info:    Checking defaults for OMS/cmsy/m/n on input line 63.
LaTeX Font Info:    ... okay on input line 63.
LaTeX Font Info:    Checking defaults for OMX/cmex/m/n on input line 63.
LaTeX Font Info:    ... okay on input line 63.
LaTeX Font Info:    Checking defaults for U/cmr/m/n on input line 63.
LaTeX Font Info:    ... okay on input line 63.
LaTeX Font Info:    Checking defaults for PD1/pdf/m/n on input line 63.
LaTeX Font Info:    ... okay on input line 63.

*geometry* driver: auto-detecting
*geometry* detected driver: pdftex
*geometry* verbose mode - [ preamble ] result:
* driver: pdftex
* paper: custom
* layout: <same size as paper>
* layoutoffset:(h,v)=(0.0pt,0.0pt)
* modes: includehead includefoot 
* h-part:(L,W,R)=(10.00002pt, 344.19533pt, 10.00002pt)
* v-part:(T,H,B)=(0.0pt, 273.14662pt, 0.0pt)
* \paperwidth=364.19536pt
* \paperheight=273.14662pt
* \textwidth=344.19533pt
* \textheight=244.6939pt
* \oddsidemargin=-62.26997pt
* \evensidemargin=-62.26997pt
* \topmargin=-72.26999pt
* \headheight=14.22636pt
* \headsep=0.0pt
* \topskip=10.0pt
* \footskip=14.22636pt
* \marginparwidth=3.0pt
* \marginparsep=11.0pt
* \columnsep=10.0pt
* \skip\footins=9.0pt plus 4.0pt minus 2.0pt
* \hoffset=0.0pt
* \voffset=0.0pt
* \mag=1000
* \@twocolumnfalse
* \@twosidefalse
* \@mparswitchfalse
* \@reversemarginfalse
* (1in=72.27pt=25.4mm, 1cm=28.453pt)

(/usr/share/texlive/texmf-dist/tex/context/base/supp-pdf.mkii
[Loading MPS to PDF converter (version 2006.09.02).]
\scratchcounter=\count183
\scratchdimen=\dimen225
\scratchbox=\box58
\nofMPsegments=\count184
\nofMParguments=\count185
\everyMPshowfont=\toks47
\MPscratchCnt=\count186
\MPscratchDim=\dimen226
\MPnumerator=\count187
\makeMPintoPDFobject=\count188
\everyMPtoPDFconversion=\toks48
) (/usr/share/texlive/texmf-dist/tex/latex/oberdiek/epstopdf-base.sty
Package: epstopdf-base 2010/02/09 v2.5 Base part for package epstopdf

(/usr/share/texlive/texmf-dist/tex/latex/oberdiek/grfext.sty
Package: grfext 2010/08/19 v1.1 Manage graphics extensions (HO)
)
Package grfext Info: Graphics extension search list:
(grfext)             [.png,.pdf,.jpg,.mps,.jpeg,.jbig2,.jb2,.PNG,.PDF,.JPG,.JPE
G,.JBIG2,.JB2,.eps]
(grfext)             \AppendGraphicsExtensions on input line 452.

(/usr/share/texlive/texmf-dist/tex/latex/latexconfig/epstopdf-sys.cfg
File: epstopdf-sys.cfg 2010/07/13 v1.3 Configuration of (r)epstopdf for TeX Liv
e
))
ABD: EveryShipout initializing macros
\AtBeginShipoutBox=\box59
Package hyperref Info: Link coloring OFF on input line 63.

(/usr/share/texlive/texmf-dist/tex/latex/hyperref/nameref.sty
Package: nameref 2012/10/27 v2.43 Cross-referencing by name of section

(/usr/share/texlive/texmf-dist/tex/generic/oberdiek/gettitlestring.sty
Package: gettitlestring 2010/12/03 v1.4 Cleanup title references (HO)
)
\c@section@level=\count189
)
LaTeX Info: Redefining \ref on input line 63.
LaTeX Info: Redefining \pageref on input line 63.
LaTeX Info: Redefining \nameref on input line 63.

(./defense_presentation.out) (./defense_presentation.out)
\@outlinefile=\write5
\openout5 = `defense_presentation.out'.

LaTeX Font Info:    Overwriting symbol font `operators' in version `normal'
(Font)                  OT1/cmr/m/n --> OT1/cmss/m/n on input line 63.
LaTeX Font Info:    Overwriting symbol font `operators' in version `bold'
(Font)                  OT1/cmr/bx/n --> OT1/cmss/bx/n on input line 63.
\symnumbers=\mathgroup8
\sympureletters=\mathgroup9
LaTeX Font Info:    Overwriting math alphabet `\mathrm' in version `normal'
(Font)                  OT1/cmss/m/n --> OT1/cmr/m/n on input line 63.
LaTeX Font Info:    Redeclaring math alphabet \mathbf on input line 63.
LaTeX Font Info:    Overwriting math alphabet `\mathbf' in version `normal'
(Font)                  OT1/cmr/bx/n --> OT1/cmss/bx/n on input line 63.
LaTeX Font Info:    Overwriting math alphabet `\mathbf' in version `bold'
(Font)                  OT1/cmr/bx/n --> OT1/cmss/bx/n on input line 63.
LaTeX Font Info:    Redeclaring math alphabet \mathsf on input line 63.
LaTeX Font Info:    Overwriting math alphabet `\mathsf' in version `normal'
(Font)                  OT1/cmss/m/n --> OT1/cmss/m/n on input line 63.
LaTeX Font Info:    Overwriting math alphabet `\mathsf' in version `bold'
(Font)                  OT1/cmss/bx/n --> OT1/cmss/m/n on input line 63.
LaTeX Font Info:    Redeclaring math alphabet \mathit on input line 63.
LaTeX Font Info:    Overwriting math alphabet `\mathit' in version `normal'
(Font)                  OT1/cmr/m/it --> OT1/cmss/m/it on input line 63.
LaTeX Font Info:    Overwriting math alphabet `\mathit' in version `bold'
(Font)                  OT1/cmr/bx/it --> OT1/cmss/m/it on input line 63.
LaTeX Font Info:    Redeclaring math alphabet \mathtt on input line 63.
LaTeX Font Info:    Overwriting math alphabet `\mathtt' in version `normal'
(Font)                  OT1/cmtt/m/n --> OT1/cmtt/m/n on input line 63.
LaTeX Font Info:    Overwriting math alphabet `\mathtt' in version `bold'
(Font)                  OT1/cmtt/m/n --> OT1/cmtt/m/n on input line 63.
LaTeX Font Info:    Overwriting symbol font `numbers' in version `bold'
(Font)                  OT1/cmss/m/n --> OT1/cmss/bx/n on input line 63.
LaTeX Font Info:    Overwriting symbol font `pureletters' in version `bold'
(Font)                  OT1/cmss/m/it --> OT1/cmss/bx/it on input line 63.
LaTeX Font Info:    Overwriting math alphabet `\mathrm' in version `bold'
(Font)                  OT1/cmss/bx/n --> OT1/cmr/bx/n on input line 63.
LaTeX Font Info:    Overwriting math alphabet `\mathbf' in version `bold'
(Font)                  OT1/cmss/bx/n --> OT1/cmss/bx/n on input line 63.
LaTeX Font Info:    Overwriting math alphabet `\mathsf' in version `bold'
(Font)                  OT1/cmss/m/n --> OT1/cmss/bx/n on input line 63.
LaTeX Font Info:    Overwriting math alphabet `\mathit' in version `bold'
(Font)                  OT1/cmss/m/it --> OT1/cmss/bx/it on input line 63.
LaTeX Font Info:    Overwriting math alphabet `\mathtt' in version `bold'
(Font)                  OT1/cmtt/m/n --> OT1/cmtt/bx/n on input line 63.

(/usr/share/texmf/tex/latex/beamer/base/translator/dicts/translator-basic-dicti
onary/translator-basic-dictionary-English.dict
Dictionary: translator-basic-dictionary, Language: English 
)
(/usr/share/texmf/tex/latex/beamer/base/translator/dicts/translator-bibliograph
y-dictionary/translator-bibliography-dictionary-English.dict
Dictionary: translator-bibliography-dictionary, Language: English 
)
(/usr/share/texmf/tex/latex/beamer/base/translator/dicts/translator-environment
-dictionary/translator-environment-dictionary-English.dict
Dictionary: translator-environment-dictionary, Language: English 
)
(/usr/share/texmf/tex/latex/beamer/base/translator/dicts/translator-months-dict
ionary/translator-months-dictionary-English.dict
Dictionary: translator-months-dictionary, Language: English 
)
(/usr/share/texmf/tex/latex/beamer/base/translator/dicts/translator-numbers-dic
tionary/translator-numbers-dictionary-English.dict
Dictionary: translator-numbers-dictionary, Language: English 
)
(/usr/share/texmf/tex/latex/beamer/base/translator/dicts/translator-theorem-dic
tionary/translator-theorem-dictionary-English.dict
Dictionary: translator-theorem-dictionary, Language: English 
)
LaTeX Info: Redefining \includegraphics on input line 63.
Package caption Info: Begin \AtBeginDocument code.
Package caption Info: float package is loaded.
Package caption Info: End \AtBeginDocument code.
 (./defense_presentation.nav)
Overfull \hbox (58.08289pt too wide) in paragraph at lines 63--63
 [][][][]  
 []

<iitk_logo-eps-converted-to.pdf, id=17, 568.1225pt x 568.1225pt>
File: iitk_logo-eps-converted-to.pdf Graphic file (type pdf)

<use iitk_logo-eps-converted-to.pdf>
Package pdftex.def Info: iitk_logo-eps-converted-to.pdf used on input line 86.
(pdftex.def)             Requested size: 49.79231pt x 49.78514pt.


LaTeX Font Warning: Font shape `OT1/cmss/m/n' in size <4> not available
(Font)              size <5> substituted on input line 86.


Overfull \hbox (58.08289pt too wide) has occurred while \output is active
 [][][][]  
 []

[1

{/var/lib/texmf/fonts/map/pdftex/updmap/pdftex.map} <./iitk_logo-eps-converted-
to.pdf>]
Overfull \hbox (58.08289pt too wide) has occurred while \output is active
 [][][][]  
 []

[2

]
Overfull \hbox (58.08289pt too wide) has occurred while \output is active
 [][][][]  
 []

[3

]
Overfull \hbox (58.08289pt too wide) has occurred while \output is active
 [][][][]  
 []

[4

]
Overfull \hbox (58.08289pt too wide) has occurred while \output is active
 [][][][]  
 []

[5

]
Overfull \hbox (58.08289pt too wide) has occurred while \output is active
 [][][][]  
 []

[6

]
LaTeX Font Info:    Try loading font information for U+msa on input line 170.
 (/usr/share/texlive/texmf-dist/tex/latex/amsfonts/umsa.fd
File: umsa.fd 2013/01/14 v3.01 AMS symbols A
)
LaTeX Font Info:    Try loading font information for U+msb on input line 170.

(/usr/share/texlive/texmf-dist/tex/latex/amsfonts/umsb.fd
File: umsb.fd 2013/01/14 v3.01 AMS symbols B
)
LaTeX Font Info:    Try loading font information for U+wasy on input line 170.

(/usr/share/texlive/texmf-dist/tex/latex/wasysym/uwasy.fd
File: uwasy.fd 2003/10/30 v2.0 Wasy-2 symbol font definitions
)
LaTeX Font Info:    Try loading font information for U+lasy on input line 170.

(/usr/share/texlive/texmf-dist/tex/latex/base/ulasy.fd
File: ulasy.fd 1998/08/17 v2.2e LaTeX symbol font definitions
)
Overfull \hbox (58.08289pt too wide) has occurred while \output is active
 [][][][]  
 []

[7

]
Overfull \hbox (58.08289pt too wide) has occurred while \output is active
 [][][][]  
 []

[8

]
Overfull \hbox (58.08289pt too wide) has occurred while \output is active
 [][][][]  
 []

[9

]
Overfull \hbox (58.08289pt too wide) has occurred while \output is active
 [][][][]  
 []

[10

]
Overfull \hbox (58.08289pt too wide) has occurred while \output is active
 [][][][]  
 []

[11

]
Overfull \hbox (58.08289pt too wide) has occurred while \output is active
 [][][][]  
 []

[12

]
Overfull \hbox (58.08289pt too wide) has occurred while \output is active
 [][][][]  
 []

[13

]
Overfull \hbox (58.08289pt too wide) has occurred while \output is active
 [][][][]  
 []

[14

]
Overfull \hbox (58.08289pt too wide) has occurred while \output is active
 [][][][]  
 []

[15

]
Overfull \hbox (58.08289pt too wide) has occurred while \output is active
 [][][][]  
 []

[16

]
Overfull \hbox (58.08289pt too wide) has occurred while \output is active
 [][][][]  
 []

[17

]
Overfull \hbox (58.08289pt too wide) has occurred while \output is active
 [][][][]  
 []

[18

]
Overfull \hbox (58.08289pt too wide) has occurred while \output is active
 [][][][]  
 []

[19

]
Overfull \hbox (58.08289pt too wide) has occurred while \output is active
 [][][][]  
 []

[20

]
Overfull \hbox (58.08289pt too wide) has occurred while \output is active
 [][][][]  
 []

[21

]
Overfull \hbox (58.08289pt too wide) has occurred while \output is active
 [][][][]  
 []

[22

]
Overfull \hbox (58.08289pt too wide) has occurred while \output is active
 [][][][]  
 []

[23

]
Overfull \hbox (58.08289pt too wide) has occurred while \output is active
 [][][][]  
 []

[24

]
Overfull \hbox (58.08289pt too wide) has occurred while \output is active
 [][][][]  
 []

[25

]
Overfull \hbox (58.08289pt too wide) has occurred while \output is active
 [][][][]  
 []

[26

] <../figs/bengio_nn.png, id=736, 1062.97125pt x 901.3675pt>
File: ../figs/bengio_nn.png Graphic file (type png)

<use ../figs/bengio_nn.png>
Package pdftex.def Info: ../figs/bengio_nn.png used on input line 341.
(pdftex.def)             Requested size: 159.43881pt x 135.19928pt.

Overfull \hbox (58.08289pt too wide) has occurred while \output is active
 [][][][]  
 []

[27

 <../figs/bengio_nn.png>]
File: ../figs/bengio_nn.png Graphic file (type png)
 <use ../figs/bengio_nn.png>
Package pdftex.def Info: ../figs/bengio_nn.png used on input line 341.
(pdftex.def)             Requested size: 159.43881pt x 135.19928pt.

Overfull \hbox (58.08289pt too wide) has occurred while \output is active
 [][][][]  
 []

[28

]
File: ../figs/bengio_nn.png Graphic file (type png)
 <use ../figs/bengio_nn.png>
Package pdftex.def Info: ../figs/bengio_nn.png used on input line 341.
(pdftex.def)             Requested size: 159.43881pt x 135.19928pt.

Overfull \hbox (58.08289pt too wide) has occurred while \output is active
 [][][][]  
 []

[29

]
File: ../figs/bengio_nn.png Graphic file (type png)
 <use ../figs/bengio_nn.png>
Package pdftex.def Info: ../figs/bengio_nn.png used on input line 341.
(pdftex.def)             Requested size: 159.43881pt x 135.19928pt.

Overfull \hbox (58.08289pt too wide) has occurred while \output is active
 [][][][]  
 []

[30

]
File: ../figs/bengio_nn.png Graphic file (type png)
 <use ../figs/bengio_nn.png>
Package pdftex.def Info: ../figs/bengio_nn.png used on input line 341.
(pdftex.def)             Requested size: 159.43881pt x 135.19928pt.

Overfull \hbox (58.08289pt too wide) has occurred while \output is active
 [][][][]  
 []

[31

] <../figs/mikolov_cbow.png, id=874, 626.34pt x 694.595pt>
File: ../figs/mikolov_cbow.png Graphic file (type png)

<use ../figs/mikolov_cbow.png>
Package pdftex.def Info: ../figs/mikolov_cbow.png used on input line 404.
(pdftex.def)             Requested size: 75.15755pt x 83.3478pt.

<../figs/mikolov_skip.png, id=875, 596.2275pt x 693.59125pt>
File: ../figs/mikolov_skip.png Graphic file (type png)

<use ../figs/mikolov_skip.png>
Package pdftex.def Info: ../figs/mikolov_skip.png used on input line 404.
(pdftex.def)             Requested size: 71.5442pt x 83.22736pt.

Overfull \hbox (58.08289pt too wide) has occurred while \output is active
 [][][][]  
 []

[32

 <../figs/mikolov_cbow.png> <../figs/mikolov_skip.png>]
File: ../figs/mikolov_cbow.png Graphic file (type png)

<use ../figs/mikolov_cbow.png>
Package pdftex.def Info: ../figs/mikolov_cbow.png used on input line 404.
(pdftex.def)             Requested size: 75.15755pt x 83.3478pt.
File: ../figs/mikolov_skip.png Graphic file (type png)
 <use ../figs/mikolov_skip.png>
Package pdftex.def Info: ../figs/mikolov_skip.png used on input line 404.
(pdftex.def)             Requested size: 71.5442pt x 83.22736pt.

Overfull \hbox (58.08289pt too wide) has occurred while \output is active
 [][][][]  
 []

[33

]
File: ../figs/mikolov_cbow.png Graphic file (type png)
 <use ../figs/mikolov_cbow.png>
Package pdftex.def Info: ../figs/mikolov_cbow.png used on input line 404.
(pdftex.def)             Requested size: 75.15755pt x 83.3478pt.
File: ../figs/mikolov_skip.png Graphic file (type png)
 <use ../figs/mikolov_skip.png>
Package pdftex.def Info: ../figs/mikolov_skip.png used on input line 404.
(pdftex.def)             Requested size: 71.5442pt x 83.22736pt.

Overfull \hbox (58.08289pt too wide) has occurred while \output is active
 [][][][]  
 []

[34

]
File: ../figs/mikolov_cbow.png Graphic file (type png)
 <use ../figs/mikolov_cbow.png>
Package pdftex.def Info: ../figs/mikolov_cbow.png used on input line 404.
(pdftex.def)             Requested size: 75.15755pt x 83.3478pt.
File: ../figs/mikolov_skip.png Graphic file (type png)
 <use ../figs/mikolov_skip.png>
Package pdftex.def Info: ../figs/mikolov_skip.png used on input line 404.
(pdftex.def)             Requested size: 71.5442pt x 83.22736pt.

Overfull \hbox (58.08289pt too wide) has occurred while \output is active
 [][][][]  
 []

[35

]
File: ../figs/mikolov_cbow.png Graphic file (type png)
 <use ../figs/mikolov_cbow.png>
Package pdftex.def Info: ../figs/mikolov_cbow.png used on input line 404.
(pdftex.def)             Requested size: 75.15755pt x 83.3478pt.
File: ../figs/mikolov_skip.png Graphic file (type png)
 <use ../figs/mikolov_skip.png>
Package pdftex.def Info: ../figs/mikolov_skip.png used on input line 404.
(pdftex.def)             Requested size: 71.5442pt x 83.22736pt.

Overfull \hbox (58.08289pt too wide) has occurred while \output is active
 [][][][]  
 []

[36

]
File: ../figs/mikolov_cbow.png Graphic file (type png)
 <use ../figs/mikolov_cbow.png>
Package pdftex.def Info: ../figs/mikolov_cbow.png used on input line 404.
(pdftex.def)             Requested size: 75.15755pt x 83.3478pt.
File: ../figs/mikolov_skip.png Graphic file (type png)
 <use ../figs/mikolov_skip.png>
Package pdftex.def Info: ../figs/mikolov_skip.png used on input line 404.
(pdftex.def)             Requested size: 71.5442pt x 83.22736pt.

Overfull \hbox (58.08289pt too wide) has occurred while \output is active
 [][][][]  
 []

[37

]
File: ../figs/mikolov_cbow.png Graphic file (type png)
 <use ../figs/mikolov_cbow.png>
Package pdftex.def Info: ../figs/mikolov_cbow.png used on input line 404.
(pdftex.def)             Requested size: 75.15755pt x 83.3478pt.
File: ../figs/mikolov_skip.png Graphic file (type png)
 <use ../figs/mikolov_skip.png>
Package pdftex.def Info: ../figs/mikolov_skip.png used on input line 404.
(pdftex.def)             Requested size: 71.5442pt x 83.22736pt.

Overfull \hbox (58.08289pt too wide) has occurred while \output is active
 [][][][]  
 []

[38

]
Overfull \hbox (58.08289pt too wide) has occurred while \output is active
 [][][][]  
 []

[39

]
Overfull \hbox (58.08289pt too wide) has occurred while \output is active
 [][][][]  
 []

[40

]
Overfull \hbox (58.08289pt too wide) has occurred while \output is active
 [][][][]  
 []

[41

]
Overfull \hbox (58.08289pt too wide) has occurred while \output is active
 [][][][]  
 []

[42

]
Overfull \hbox (58.08289pt too wide) has occurred while \output is active
 [][][][]  
 []

[43

]
Overfull \hbox (58.08289pt too wide) has occurred while \output is active
 [][][][]  
 []

[44

]
Overfull \hbox (58.08289pt too wide) has occurred while \output is active
 [][][][]  
 []

[45

]
Overfull \hbox (58.08289pt too wide) has occurred while \output is active
 [][][][]  
 []

[46

]
Overfull \hbox (58.08289pt too wide) has occurred while \output is active
 [][][][]  
 []

[47

]
Overfull \hbox (58.08289pt too wide) has occurred while \output is active
 [][][][]  
 []

[48

]
Overfull \hbox (58.08289pt too wide) has occurred while \output is active
 [][][][]  
 []

[49

]
Overfull \hbox (58.08289pt too wide) has occurred while \output is active
 [][][][]  
 []

[50

]
Overfull \hbox (58.08289pt too wide) has occurred while \output is active
 [][][][]  
 []

[51

] (../figs/nn_arch.tex
(/usr/share/texmf/tex/generic/pgf/frontendlayer/tikz/libraries/tikzlibrarycalc.
code.tex
File: tikzlibrarycalc.code.tex 2009/09/04 v2.10 (rcs-revision 1.6)
)
Missing character: There is no ; in font nullfont!
Missing character: There is no ; in font nullfont!
Missing character: There is no ; in font nullfont!
Missing character: There is no ; in font nullfont!

Overfull \hbox (9.5299pt too wide) in paragraph at lines 41--41
 []\OT1/cmss/m/n/8 Metallica 
 []


Overfull \hbox (1.71036pt too wide) in paragraph at lines 48--48
 []\OT1/cmss/m/n/8 Rolling  
 []


Overfull \hbox (0.7048pt too wide) in paragraph at lines 48--48
 \OT1/cmss/m/n/8 Stones 
 []


Overfull \hbox (2.52776pt too wide) in paragraph at lines 72--72
 []$\OT1/cmss/m/it/8 h[]$ 
 []

)
Overfull \hbox (58.08289pt too wide) has occurred while \output is active
 [][][][]  
 []

[52

] (../figs/nn_arch.tex
Missing character: There is no ; in font nullfont!
Missing character: There is no ; in font nullfont!
Missing character: There is no ; in font nullfont!
Missing character: There is no ; in font nullfont!

Overfull \hbox (9.5299pt too wide) in paragraph at lines 41--41
 []\OT1/cmss/m/n/8 Metallica 
 []


Overfull \hbox (1.71036pt too wide) in paragraph at lines 48--48
 []\OT1/cmss/m/n/8 Rolling  
 []


Overfull \hbox (0.7048pt too wide) in paragraph at lines 48--48
 \OT1/cmss/m/n/8 Stones 
 []


Overfull \hbox (2.52776pt too wide) in paragraph at lines 72--72
 []$\OT1/cmss/m/it/8 h[]$ 
 []

)
Overfull \hbox (58.08289pt too wide) has occurred while \output is active
 [][][][]  
 []

[53

] (../figs/nn_arch.tex
Missing character: There is no ; in font nullfont!
Missing character: There is no ; in font nullfont!
Missing character: There is no ; in font nullfont!
Missing character: There is no ; in font nullfont!

Overfull \hbox (9.5299pt too wide) in paragraph at lines 41--41
 []\OT1/cmss/m/n/8 Metallica 
 []


Overfull \hbox (1.71036pt too wide) in paragraph at lines 48--48
 []\OT1/cmss/m/n/8 Rolling  
 []


Overfull \hbox (0.7048pt too wide) in paragraph at lines 48--48
 \OT1/cmss/m/n/8 Stones 
 []


Overfull \hbox (2.52776pt too wide) in paragraph at lines 72--72
 []$\OT1/cmss/m/it/8 h[]$ 
 []

)
Overfull \hbox (58.08289pt too wide) has occurred while \output is active
 [][][][]  
 []

[54

]
Overfull \hbox (58.08289pt too wide) has occurred while \output is active
 [][][][]  
 []

[55

]
Overfull \hbox (58.08289pt too wide) has occurred while \output is active
 [][][][]  
 []

[56

]
Overfull \hbox (58.08289pt too wide) has occurred while \output is active
 [][][][]  
 []

[57

]
Overfull \hbox (58.08289pt too wide) has occurred while \output is active
 [][][][]  
 []

[58

]
Overfull \hbox (58.08289pt too wide) has occurred while \output is active
 [][][][]  
 []

[59

]
Overfull \hbox (58.08289pt too wide) has occurred while \output is active
 [][][][]  
 []

[60

]
Overfull \hbox (58.08289pt too wide) has occurred while \output is active
 [][][][]  
 []

[61

]
Overfull \hbox (58.08289pt too wide) has occurred while \output is active
 [][][][]  
 []

[62

]
Overfull \hbox (58.08289pt too wide) has occurred while \output is active
 [][][][]  
 []

[63

]
Overfull \hbox (58.08289pt too wide) has occurred while \output is active
 [][][][]  
 []

[64

]
Overfull \hbox (58.08289pt too wide) has occurred while \output is active
 [][][][]  
 []

[65

]
Overfull \hbox (58.08289pt too wide) has occurred while \output is active
 [][][][]  
 []

[66

]
Overfull \hbox (58.08289pt too wide) has occurred while \output is active
 [][][][]  
 []

[67

]
Overfull \hbox (58.08289pt too wide) has occurred while \output is active
 [][][][]  
 []

[68

]
Overfull \hbox (58.08289pt too wide) has occurred while \output is active
 [][][][]  
 []

[69

]
Overfull \hbox (58.08289pt too wide) has occurred while \output is active
 [][][][]  
 []

[70

]
Overfull \hbox (58.08289pt too wide) has occurred while \output is active
 [][][][]  
 []

[71

]
Overfull \hbox (58.08289pt too wide) has occurred while \output is active
 [][][][]  
 []

[72

]
Overfull \hbox (58.08289pt too wide) has occurred while \output is active
 [][][][]  
 []

[73

]
Overfull \hbox (58.08289pt too wide) has occurred while \output is active
 [][][][]  
 []

[74

]
Overfull \hbox (58.08289pt too wide) has occurred while \output is active
 [][][][]  
 []

[75

]
Overfull \hbox (58.08289pt too wide) has occurred while \output is active
 [][][][]  
 []

[76

]
Overfull \hbox (58.08289pt too wide) has occurred while \output is active
 [][][][]  
 []

[77

]
Overfull \hbox (58.08289pt too wide) has occurred while \output is active
 [][][][]  
 []

[78

]
Overfull \hbox (58.08289pt too wide) has occurred while \output is active
 [][][][]  
 []

[79

]
Overfull \hbox (58.08289pt too wide) has occurred while \output is active
 [][][][]  
 []

[80

]
Overfull \hbox (58.08289pt too wide) has occurred while \output is active
 [][][][]  
 []

[81

]
Overfull \hbox (58.08289pt too wide) has occurred while \output is active
 [][][][]  
 []

[82

]
Overfull \hbox (58.08289pt too wide) has occurred while \output is active
 [][][][]  
 []

[83

]
Overfull \hbox (58.08289pt too wide) has occurred while \output is active
 [][][][]  
 []

[84

]
Overfull \hbox (58.08289pt too wide) has occurred while \output is active
 [][][][]  
 []

[85

]
Overfull \hbox (58.08289pt too wide) has occurred while \output is active
 [][][][]  
 []

[86

]
Overfull \hbox (58.08289pt too wide) has occurred while \output is active
 [][][][]  
 []

[87

]
Overfull \hbox (58.08289pt too wide) has occurred while \output is active
 [][][][]  
 []

[88

]
Overfull \hbox (58.08289pt too wide) has occurred while \output is active
 [][][][]  
 []

[89

]
Overfull \hbox (58.08289pt too wide) has occurred while \output is active
 [][][][]  
 []

[90

]
Overfull \hbox (58.08289pt too wide) has occurred while \output is active
 [][][][]  
 []

[91

]
Overfull \hbox (58.08289pt too wide) has occurred while \output is active
 [][][][]  
 []

[92

]
Overfull \hbox (58.08289pt too wide) has occurred while \output is active
 [][][][]  
 []

[93

]
Overfull \hbox (58.08289pt too wide) has occurred while \output is active
 [][][][]  
 []

[94

]
Overfull \hbox (58.08289pt too wide) has occurred while \output is active
 [][][][]  
 []

[95

]
Overfull \hbox (58.08289pt too wide) has occurred while \output is active
 [][][][]  
 []

[96

]
Overfull \hbox (58.08289pt too wide) has occurred while \output is active
 [][][][]  
 []

[97

]
Overfull \hbox (58.08289pt too wide) has occurred while \output is active
 [][][][]  
 []

[98

]
Overfull \hbox (58.08289pt too wide) has occurred while \output is active
 [][][][]  
 []

[99

]
Overfull \hbox (58.08289pt too wide) has occurred while \output is active
 [][][][]  
 []

[100

]
Overfull \hbox (58.08289pt too wide) has occurred while \output is active
 [][][][]  
 []

[101

]
Overfull \hbox (58.08289pt too wide) has occurred while \output is active
 [][][][]  
 []

[102

]
Overfull \hbox (58.08289pt too wide) has occurred while \output is active
 [][][][]  
 []

[103

]
Overfull \hbox (58.08289pt too wide) has occurred while \output is active
 [][][][]  
 []

[104

]
Overfull \hbox (58.08289pt too wide) has occurred while \output is active
 [][][][]  
 []

[105

]
Overfull \hbox (58.08289pt too wide) has occurred while \output is active
 [][][][]  
 []

[106

]
Overfull \hbox (58.08289pt too wide) has occurred while \output is active
 [][][][]  
 []

[107

]
Overfull \hbox (58.08289pt too wide) has occurred while \output is active
 [][][][]  
 []

[108

]
Overfull \hbox (58.08289pt too wide) has occurred while \output is active
 [][][][]  
 []

[109

]
Overfull \hbox (58.08289pt too wide) has occurred while \output is active
 [][][][]  
 []

[110

]
Overfull \hbox (58.08289pt too wide) has occurred while \output is active
 [][][][]  
 []

[111

]
Overfull \hbox (58.08289pt too wide) has occurred while \output is active
 [][][][]  
 []

[112

]
Overfull \hbox (58.08289pt too wide) has occurred while \output is active
 [][][][]  
 []

[113

]
Overfull \hbox (58.08289pt too wide) has occurred while \output is active
 [][][][]  
 []

[114

]
Overfull \hbox (58.08289pt too wide) has occurred while \output is active
 [][][][]  
 []

[115

]
Overfull \hbox (58.08289pt too wide) has occurred while \output is active
 [][][][]  
 []

[116

]
Overfull \hbox (58.08289pt too wide) has occurred while \output is active
 [][][][]  
 []

[117

]
Overfull \hbox (58.08289pt too wide) has occurred while \output is active
 [][][][]  
 []

[118

]
Overfull \hbox (58.08289pt too wide) has occurred while \output is active
 [][][][]  
 []

[119

]
Overfull \hbox (58.08289pt too wide) has occurred while \output is active
 [][][][]  
 []

[120

]
Overfull \hbox (58.08289pt too wide) has occurred while \output is active
 [][][][]  
 []

[121

]
Overfull \hbox (58.08289pt too wide) has occurred while \output is active
 [][][][]  
 []

[122

]
Overfull \hbox (58.08289pt too wide) has occurred while \output is active
 [][][][]  
 []

[123

]
Overfull \hbox (58.08289pt too wide) has occurred while \output is active
 [][][][]  
 []

[124

]
Overfull \hbox (58.08289pt too wide) has occurred while \output is active
 [][][][]  
 []

[125

]
Overfull \hbox (58.08289pt too wide) has occurred while \output is active
 [][][][]  
 []

[126

]
Overfull \hbox (58.08289pt too wide) has occurred while \output is active
 [][][][]  
 []

[127

]
Overfull \hbox (58.08289pt too wide) has occurred while \output is active
 [][][][]  
 []

[128

]
Overfull \hbox (58.08289pt too wide) has occurred while \output is active
 [][][][]  
 []

[129

]
Overfull \hbox (58.08289pt too wide) has occurred while \output is active
 [][][][]  
 []

[130

]
Overfull \hbox (58.08289pt too wide) has occurred while \output is active
 [][][][]  
 []

[131

]
Overfull \hbox (58.08289pt too wide) has occurred while \output is active
 [][][][]  
 []

[132

]
Overfull \hbox (58.08289pt too wide) has occurred while \output is active
 [][][][]  
 []

[133

]
Overfull \hbox (58.08289pt too wide) has occurred while \output is active
 [][][][]  
 []

[134

]
Overfull \hbox (58.08289pt too wide) has occurred while \output is active
 [][][][]  
 []

[135

]
Overfull \hbox (3.09354pt too wide) in paragraph at lines 988--988
 [] 
 []

<../figs/pr/reuter-cs-scala.pdf, id=3634, 397.485pt x 325.215pt>
File: ../figs/pr/reuter-cs-scala.pdf Graphic file (type pdf)

<use ../figs/pr/reuter-cs-scala.pdf>
Package pdftex.def Info: ../figs/pr/reuter-cs-scala.pdf used on input line 988.

(pdftex.def)             Requested size: 178.8666pt x 146.3454pt.

Overfull \hbox (0.89296pt too wide) detected at line 988
[]  [][] [][][][][][][][] [][] [][][][][][][][]  
 []


Overfull \hbox (58.08289pt too wide) has occurred while \output is active
 [][][][]  
 []

[136

 <../figs/pr/reuter-cs-scala.pdf>]
Overfull \hbox (3.09354pt too wide) in paragraph at lines 988--988
 [] 
 []

File: ../figs/pr/reuter-cs-scala.pdf Graphic file (type pdf)
<use ../figs/pr/reuter-cs-scala.pdf>
Package pdftex.def Info: ../figs/pr/reuter-cs-scala.pdf used on input line 988.

(pdftex.def)             Requested size: 178.8666pt x 146.3454pt.

Overfull \hbox (0.89296pt too wide) detected at line 988
[]  [][] [][][][][][][][][] [][] [][][][][][][][][]  
 []


Overfull \hbox (58.08289pt too wide) has occurred while \output is active
 [][][][]  
 []

[137

]
Overfull \hbox (3.13943pt too wide) in paragraph at lines 1037--1037
 [] 
 []

<../figs/pr/physics-cs-scala.pdf, id=3696, 397.485pt x 325.215pt>
File: ../figs/pr/physics-cs-scala.pdf Graphic file (type pdf)

<use ../figs/pr/physics-cs-scala.pdf>
Package pdftex.def Info: ../figs/pr/physics-cs-scala.pdf used on input line 103
7.
(pdftex.def)             Requested size: 178.8666pt x 146.3454pt.

Overfull \hbox (0.89296pt too wide) detected at line 1037
[]  [][] [][][][][][][][] [][] [][][][][][][][]  
 []


Overfull \hbox (58.08289pt too wide) has occurred while \output is active
 [][][][]  
 []

[138

 <../figs/pr/physics-cs-scala.pdf>]
Overfull \hbox (3.13943pt too wide) in paragraph at lines 1037--1037
 [] 
 []

File: ../figs/pr/physics-cs-scala.pdf Graphic file (type pdf)
<use ../figs/pr/physics-cs-scala.pdf>
Package pdftex.def Info: ../figs/pr/physics-cs-scala.pdf used on input line 103
7.
(pdftex.def)             Requested size: 178.8666pt x 146.3454pt.

Overfull \hbox (0.89296pt too wide) detected at line 1037
[]  [][] [][][][][][][][][] [][] [][][][][][][][][]  
 []


Overfull \hbox (58.08289pt too wide) has occurred while \output is active
 [][][][]  
 []

[139

]
Overfull \hbox (3.4389pt too wide) in paragraph at lines 1086--1086
 [] 
 []

<../figs/pr/biology-cs-scala.pdf, id=3758, 397.485pt x 325.215pt>
File: ../figs/pr/biology-cs-scala.pdf Graphic file (type pdf)

<use ../figs/pr/biology-cs-scala.pdf>
Package pdftex.def Info: ../figs/pr/biology-cs-scala.pdf used on input line 108
6.
(pdftex.def)             Requested size: 178.8666pt x 146.3454pt.

Overfull \hbox (0.89296pt too wide) detected at line 1086
[]  [][] [][][][][][][][] [][] [][][][][][][][]  
 []


Overfull \hbox (58.08289pt too wide) has occurred while \output is active
 [][][][]  
 []

[140

 <../figs/pr/biology-cs-scala.pdf>]
Overfull \hbox (3.4389pt too wide) in paragraph at lines 1086--1086
 [] 
 []

File: ../figs/pr/biology-cs-scala.pdf Graphic file (type pdf)
<use ../figs/pr/biology-cs-scala.pdf>
Package pdftex.def Info: ../figs/pr/biology-cs-scala.pdf used on input line 108
6.
(pdftex.def)             Requested size: 178.8666pt x 146.3454pt.

Overfull \hbox (0.89296pt too wide) detected at line 1086
[]  [][] [][][][][][][][][] [][] [][][][][][][][][]  
 []


Overfull \hbox (58.08289pt too wide) has occurred while \output is active
 [][][][]  
 []

[141

]
Overfull \hbox (15.57509pt too wide) in paragraph at lines 1136--1136
 [] 
 []

<../figs/pr/mathematics-cs-scala.pdf, id=3820, 397.485pt x 325.215pt>
File: ../figs/pr/mathematics-cs-scala.pdf Graphic file (type pdf)

<use ../figs/pr/mathematics-cs-scala.pdf>
Package pdftex.def Info: ../figs/pr/mathematics-cs-scala.pdf used on input line
 1136.
(pdftex.def)             Requested size: 178.8666pt x 146.3454pt.

Overfull \hbox (0.89296pt too wide) detected at line 1136
[]  [][] [][][][][][][][] [][] [][][][][][][][]  
 []


Overfull \hbox (58.08289pt too wide) has occurred while \output is active
 [][][][]  
 []

[142

 <../figs/pr/mathematics-cs-scala.pdf>]
Overfull \hbox (15.57509pt too wide) in paragraph at lines 1136--1136
 [] 
 []

File: ../figs/pr/mathematics-cs-scala.pdf Graphic file (type pdf)
<use ../figs/pr/mathematics-cs-scala.pdf>
Package pdftex.def Info: ../figs/pr/mathematics-cs-scala.pdf used on input line
 1136.
(pdftex.def)             Requested size: 178.8666pt x 146.3454pt.

Overfull \hbox (0.89296pt too wide) detected at line 1136
[]  [][] [][][][][][][][][] [][] [][][][][][][][][]  
 []


Overfull \hbox (58.08289pt too wide) has occurred while \output is active
 [][][][]  
 []

[143

] <../figs/pr/sports-cs-scala.pdf, id=3882, 397.485pt x 325.215pt>
File: ../figs/pr/sports-cs-scala.pdf Graphic file (type pdf)

<use ../figs/pr/sports-cs-scala.pdf>
Package pdftex.def Info: ../figs/pr/sports-cs-scala.pdf used on input line 1190
.
(pdftex.def)             Requested size: 178.8666pt x 146.3454pt.

Overfull \hbox (0.89296pt too wide) detected at line 1190
[]  [][] [][][][][][][][] [][] [][][][][][][][]  
 []


Overfull \hbox (58.08289pt too wide) has occurred while \output is active
 [][][][]  
 []

[144

 <../figs/pr/sports-cs-scala.pdf>]
File: ../figs/pr/sports-cs-scala.pdf Graphic file (type pdf)
 <use ../figs/pr/sports-cs-scala.pdf>
Package pdftex.def Info: ../figs/pr/sports-cs-scala.pdf used on input line 1190
.
(pdftex.def)             Requested size: 178.8666pt x 146.3454pt.

Overfull \hbox (0.89296pt too wide) detected at line 1190
[]  [][] [][][][][][][][][] [][] [][][][][][][][][]  
 []


Overfull \hbox (58.08289pt too wide) has occurred while \output is active
 [][][][]  
 []

[145

]
Overfull \hbox (58.08289pt too wide) has occurred while \output is active
 [][][][]  
 []

[146

]
Overfull \hbox (9.53645pt too wide) in paragraph at lines 1313--1313
 [] 
 []


Overfull \hbox (58.08289pt too wide) has occurred while \output is active
 [][][][]  
 []

[147

]
Overfull \hbox (58.08289pt too wide) has occurred while \output is active
 [][][][]  
 []

[148

]
Overfull \hbox (58.08289pt too wide) has occurred while \output is active
 [][][][]  
 []

[149

]
Overfull \hbox (58.08289pt too wide) has occurred while \output is active
 [][][][]  
 []

[150

]
Overfull \hbox (58.08289pt too wide) has occurred while \output is active
 [][][][]  
 []

[151

]
Overfull \hbox (58.08289pt too wide) has occurred while \output is active
 [][][][]  
 []

[152

]
Overfull \hbox (58.08289pt too wide) has occurred while \output is active
 [][][][]  
 []

[153

]
Overfull \hbox (58.08289pt too wide) has occurred while \output is active
 [][][][]  
 []

[154

]
Overfull \hbox (58.08289pt too wide) has occurred while \output is active
 [][][][]  
 []

[155

]
Overfull \hbox (58.08289pt too wide) has occurred while \output is active
 [][][][]  
 []

[156

] (./defense_presentation.bbl)
Overfull \hbox (58.08289pt too wide) has occurred while \output is active
 [][][][]  
 []

[157

]
Overfull \hbox (58.08289pt too wide) has occurred while \output is active
 [][][][]  
 []

[158


]
Overfull \hbox (58.08289pt too wide) has occurred while \output is active
 [][][][]  
 []

[159

]
\tf@nav=\write6
\openout6 = `defense_presentation.nav'.

\tf@toc=\write7
\openout7 = `defense_presentation.toc'.

\tf@snm=\write8
\openout8 = `defense_presentation.snm'.

Package atveryend Info: Empty hook `BeforeClearDocument' on input line 1364.
Package atveryend Info: Empty hook `AfterLastShipout' on input line 1364.
 (./defense_presentation.aux)
Package atveryend Info: Executing hook `AtVeryEndDocument' on input line 1364.
Package atveryend Info: Executing hook `AtEndAfterFileList' on input line 1364.

Package rerunfilecheck Info: File `defense_presentation.out' has not changed.
(rerunfilecheck)             Checksum: D41D8CD98F00B204E9800998ECF8427E;0.


LaTeX Font Warning: Size substitutions with differences
(Font)              up to 1.0pt have occurred.

Package atveryend Info: Empty hook `AtVeryVeryEnd' on input line 1364.
 ) 
Here is how much of TeX's memory you used:
 21663 strings out of 493304
 398721 string characters out of 6139871
 491364 words of memory out of 5000000
 24253 multiletter control sequences out of 15000+600000
 18209 words of font info for 72 fonts, out of 8000000 for 9000
 957 hyphenation exceptions out of 8191
 49i,16n,70p,438b,965s stack positions out of 5000i,500n,10000p,200000b,80000s
</usr/share/texlive/texmf-dist/fonts/type1/public/amsfonts/cm/cmex10.pfb></us
r/share/texlive/texmf-dist/fonts/type1/public/amsfonts/cmextra/cmex7.pfb></usr/
share/texlive/texmf-dist/fonts/type1/public/amsfonts/cmextra/cmex8.pfb></usr/sh
are/texlive/texmf-dist/fonts/type1/public/amsfonts/cm/cmmi10.pfb></usr/share/te
xlive/texmf-dist/fonts/type1/public/amsfonts/cm/cmmi5.pfb></usr/share/texlive/t
exmf-dist/fonts/type1/public/amsfonts/cm/cmmi6.pfb></usr/share/texlive/texmf-di
st/fonts/type1/public/amsfonts/cm/cmmi7.pfb></usr/share/texlive/texmf-dist/font
s/type1/public/amsfonts/cm/cmmi8.pfb></usr/share/texlive/texmf-dist/fonts/type1
/public/amsfonts/cm/cmmi9.pfb></usr/share/texlive/texmf-dist/fonts/type1/public
/amsfonts/cm/cmr10.pfb></usr/share/texlive/texmf-dist/fonts/type1/public/amsfon
ts/cm/cmr5.pfb></usr/share/texlive/texmf-dist/fonts/type1/public/amsfonts/cm/cm
r6.pfb></usr/share/texlive/texmf-dist/fonts/type1/public/amsfonts/cm/cmr7.pfb><
/usr/share/texlive/texmf-dist/fonts/type1/public/amsfonts/cm/cmr8.pfb></usr/sha
re/texlive/texmf-dist/fonts/type1/public/amsfonts/cm/cmr9.pfb></usr/share/texli
ve/texmf-dist/fonts/type1/public/amsfonts/cm/cmss10.pfb></usr/share/texlive/tex
mf-dist/fonts/type1/public/amsfonts/cm/cmss12.pfb></usr/share/texlive/texmf-dis
t/fonts/type1/public/amsfonts/cm/cmss8.pfb></usr/share/texlive/texmf-dist/fonts
/type1/public/amsfonts/cm/cmss9.pfb></usr/share/texlive/texmf-dist/fonts/type1/
public/amsfonts/cm/cmssbx10.pfb></usr/share/texlive/texmf-dist/fonts/type1/publ
ic/amsfonts/cm/cmssi10.pfb></usr/share/texlive/texmf-dist/fonts/type1/public/am
sfonts/cm/cmssi8.pfb></usr/share/texlive/texmf-dist/fonts/type1/public/amsfonts
/cm/cmssi9.pfb></usr/share/texlive/texmf-dist/fonts/type1/public/amsfonts/cm/cm
sy10.pfb></usr/share/texlive/texmf-dist/fonts/type1/public/amsfonts/cm/cmsy5.pf
b></usr/share/texlive/texmf-dist/fonts/type1/public/amsfonts/cm/cmsy6.pfb></usr
/share/texlive/texmf-dist/fonts/type1/public/amsfonts/cm/cmsy7.pfb></usr/share/
texlive/texmf-dist/fonts/type1/public/amsfonts/cm/cmsy8.pfb></usr/share/texlive
/texmf-dist/fonts/type1/public/amsfonts/cm/cmsy9.pfb></usr/share/texlive/texmf-
dist/fonts/type1/public/amsfonts/symbols/msbm10.pfb>
Output written on defense_presentation.pdf (159 pages, 1111814 bytes).
PDF statistics:
 4480 PDF objects out of 5155 (max. 8388607)
 4211 compressed objects within 43 object streams
 321 named destinations out of 1000 (max. 500000)
 118 words of extra memory for PDF output out of 10000 (max. 10000000)

